nohup: ignoring input
len:  7638
come the repo:  CobaltStrikeParser
0.16866207122802734  save successfully!  /mnt/zejun/smp/data/transform_complicate_to_simple_pkl/chain_comparison/CobaltStrikeParser
come the repo:  drf-yasg
4.879023313522339  save successfully!  /mnt/zejun/smp/data/transform_complicate_to_simple_pkl/chain_comparison/drf-yasg
come the repo:  geany-themes
0.602198600769043  save successfully!  /mnt/zejun/smp/data/transform_complicate_to_simple_pkl/chain_comparison/geany-themes
come the repo:  SickZil-Machine
1.0178000926971436  save successfully!  /mnt/zejun/smp/data/transform_complicate_to_simple_pkl/chain_comparison/SickZil-Machine
come the repo:  random-network-distillation
3.6224212646484375  save successfully!  /mnt/zejun/smp/data/transform_complicate_to_simple_pkl/chain_comparison/random-network-distillation
come the repo:  pygeoip
0.6822588443756104  save successfully!  /mnt/zejun/smp/data/transform_complicate_to_simple_pkl/chain_comparison/pygeoip
come the repo:  FIR
2.8091278076171875  save successfully!  /mnt/zejun/smp/data/transform_complicate_to_simple_pkl/chain_comparison/FIR
come the repo:  django-phonenumber-field
0.4039647579193115  save successfully!  /mnt/zejun/smp/data/transform_complicate_to_simple_pkl/chain_comparison/django-phonenumber-field
come the repo:  ANGRYsearch
2.465193271636963  save successfully!  /mnt/zejun/smp/data/transform_complicate_to_simple_pkl/chain_comparison/ANGRYsearch
come the repo:  cleo
4.108460426330566  save successfully!  /mnt/zejun/smp/data/transform_complicate_to_simple_pkl/chain_comparison/cleo
come the repo:  feast
11.086617231369019  save successfully!  /mnt/zejun/smp/data/transform_complicate_to_simple_pkl/chain_comparison/feast
come the repo:  pointer-network-tensorflow
0.11981630325317383  save successfully!  /mnt/zejun/smp/data/transform_complicate_to_simple_pkl/chain_comparison/pointer-network-tensorflow
come the repo:  nexfil
0.047376155853271484  save successfully!  /mnt/zejun/smp/data/transform_complicate_to_simple_pkl/chain_comparison/nexfil
come the repo:  bugcrowd-levelup-subdomain-enumeration
0.05266523361206055  save successfully!  /mnt/zejun/smp/data/transform_complicate_to_simple_pkl/chain_comparison/bugcrowd-levelup-subdomain-enumeration
come the repo:  news-please
0.5041327476501465  save successfully!  /mnt/zejun/smp/data/transform_complicate_to_simple_pkl/chain_comparison/news-please
come the repo:  person-reid-triplet-loss-baseline
the file has syntax error
2.2329931259155273  save successfully!  /mnt/zejun/smp/data/transform_complicate_to_simple_pkl/chain_comparison/person-reid-triplet-loss-baseline
come the repo:  pygal
8.939085245132446  save successfully!  /mnt/zejun/smp/data/transform_complicate_to_simple_pkl/chain_comparison/pygal
come the repo:  buffalo
7.23464822769165  save successfully!  /mnt/zejun/smp/data/transform_complicate_to_simple_pkl/chain_comparison/buffalo
come the repo:  torchlayers
1.4546890258789062  save successfully!  /mnt/zejun/smp/data/transform_complicate_to_simple_pkl/chain_comparison/torchlayers
come the repo:  quicktile
2.676868200302124  save successfully!  /mnt/zejun/smp/data/transform_complicate_to_simple_pkl/chain_comparison/quicktile
come the repo:  pipx
4.54959511756897  save successfully!  /mnt/zejun/smp/data/transform_complicate_to_simple_pkl/chain_comparison/pipx
come the repo:  reposado
0.44646334648132324  save successfully!  /mnt/zejun/smp/data/transform_complicate_to_simple_pkl/chain_comparison/reposado
come the repo:  tmux2html
0.21072053909301758  save successfully!  /mnt/zejun/smp/data/transform_complicate_to_simple_pkl/chain_comparison/tmux2html
come the repo:  fastdtw
0.0352785587310791  save successfully!  /mnt/zejun/smp/data/transform_complicate_to_simple_pkl/chain_comparison/fastdtw
come the repo:  colorful
0.24088001251220703  save successfully!  /mnt/zejun/smp/data/transform_complicate_to_simple_pkl/chain_comparison/colorful
come the repo:  taobao-tianmao-auto-buy
0.0060062408447265625  save successfully!  /mnt/zejun/smp/data/transform_complicate_to_simple_pkl/chain_comparison/taobao-tianmao-auto-buy
come the repo:  sshuttle
0.564476728439331  save successfully!  /mnt/zejun/smp/data/transform_complicate_to_simple_pkl/chain_comparison/sshuttle
come the repo:  awslimitchecker
15.151943445205688  save successfully!  /mnt/zejun/smp/data/transform_complicate_to_simple_pkl/chain_comparison/awslimitchecker
come the repo:  pyquery
1.3979101181030273  save successfully!  /mnt/zejun/smp/data/transform_complicate_to_simple_pkl/chain_comparison/pyquery
come the repo:  DeBERTa
3.8267645835876465  save successfully!  /mnt/zejun/smp/data/transform_complicate_to_simple_pkl/chain_comparison/DeBERTa
come the repo:  youtube-dl-server
0.07752299308776855  save successfully!  /mnt/zejun/smp/data/transform_complicate_to_simple_pkl/chain_comparison/youtube-dl-server
come the repo:  click
9.200998544692993  save successfully!  /mnt/zejun/smp/data/transform_complicate_to_simple_pkl/chain_comparison/click
come the repo:  websockets
1.9652736186981201  save successfully!  /mnt/zejun/smp/data/transform_complicate_to_simple_pkl/chain_comparison/websockets
come the repo:  SRFBN_CVPR19
the file has syntax error
the file has syntax error
the file has syntax error
the file has syntax error
1.1445860862731934  save successfully!  /mnt/zejun/smp/data/transform_complicate_to_simple_pkl/chain_comparison/SRFBN_CVPR19
come the repo:  slimevolleygym
1.6499006748199463  save successfully!  /mnt/zejun/smp/data/transform_complicate_to_simple_pkl/chain_comparison/slimevolleygym
come the repo:  pyspark-example-project
0.15465331077575684  save successfully!  /mnt/zejun/smp/data/transform_complicate_to_simple_pkl/chain_comparison/pyspark-example-project
come the repo:  FALSR
0.24959230422973633  save successfully!  /mnt/zejun/smp/data/transform_complicate_to_simple_pkl/chain_comparison/FALSR
come the repo:  grafana-backup-tool
0.973534345626831  save successfully!  /mnt/zejun/smp/data/transform_complicate_to_simple_pkl/chain_comparison/grafana-backup-tool
come the repo:  django-admin-tools
1.6678307056427002  save successfully!  /mnt/zejun/smp/data/transform_complicate_to_simple_pkl/chain_comparison/django-admin-tools
come the repo:  trackma
3.1393837928771973  save successfully!  /mnt/zejun/smp/data/transform_complicate_to_simple_pkl/chain_comparison/trackma
come the repo:  bert-embedding
0.05605649948120117  save successfully!  /mnt/zejun/smp/data/transform_complicate_to_simple_pkl/chain_comparison/bert-embedding
come the repo:  termdown
0.07460308074951172  save successfully!  /mnt/zejun/smp/data/transform_complicate_to_simple_pkl/chain_comparison/termdown
come the repo:  interactive-deep-colorization
0.7956171035766602  save successfully!  /mnt/zejun/smp/data/transform_complicate_to_simple_pkl/chain_comparison/interactive-deep-colorization
come the repo:  mapboxgl-jupyter
1.4419915676116943  save successfully!  /mnt/zejun/smp/data/transform_complicate_to_simple_pkl/chain_comparison/mapboxgl-jupyter
come the repo:  ranger_devicons
0.13933253288269043  save successfully!  /mnt/zejun/smp/data/transform_complicate_to_simple_pkl/chain_comparison/ranger_devicons
come the repo:  ytmusicapi
0.7290911674499512  save successfully!  /mnt/zejun/smp/data/transform_complicate_to_simple_pkl/chain_comparison/ytmusicapi
come the repo:  Recommender-System-with-TF2.0
0.4669346809387207  save successfully!  /mnt/zejun/smp/data/transform_complicate_to_simple_pkl/chain_comparison/Recommender-System-with-TF2.0
come the repo:  aiomultiprocess
0.10368084907531738  save successfully!  /mnt/zejun/smp/data/transform_complicate_to_simple_pkl/chain_comparison/aiomultiprocess
come the repo:  injector
0.13696718215942383  save successfully!  /mnt/zejun/smp/data/transform_complicate_to_simple_pkl/chain_comparison/injector
come the repo:  jd_seckill
0.04389023780822754  save successfully!  /mnt/zejun/smp/data/transform_complicate_to_simple_pkl/chain_comparison/jd_seckill
come the repo:  Emotion-recognition
0.062116146087646484  save successfully!  /mnt/zejun/smp/data/transform_complicate_to_simple_pkl/chain_comparison/Emotion-recognition
come the repo:  NCRF
the file has syntax error
the file has syntax errorcome the repo:  Chaos
2.506556510925293  save successfully!  /mnt/zejun/smp/data/transform_complicate_to_simple_pkl/chain_comparison/Chaos
come the repo:  premailer
1.268995761871338  save successfully!  /mnt/zejun/smp/data/transform_complicate_to_simple_pkl/chain_comparison/premailer
come the repo:  MinkowskiEngine
5.154268980026245  save successfully!  /mnt/zejun/smp/data/transform_complicate_to_simple_pkl/chain_comparison/MinkowskiEngine
come the repo:  bt-speaker
0.9158935546875  save successfully!  /mnt/zejun/smp/data/transform_complicate_to_simple_pkl/chain_comparison/bt-speaker
come the repo:  python-ipy
1.276163101196289  save successfully!  /mnt/zejun/smp/data/transform_complicate_to_simple_pkl/chain_comparison/python-ipy
come the repo:  Monitoring
0.0012369155883789062  save successfully!  /mnt/zejun/smp/data/transform_complicate_to_simple_pkl/chain_comparison/Monitoring
come the repo:  Ligaturizer
0.09675192832946777  save successfully!  /mnt/zejun/smp/data/transform_complicate_to_simple_pkl/chain_comparison/Ligaturizer
come the repo:  holoviz
0.05949521064758301  save successfully!  /mnt/zejun/smp/data/transform_complicate_to_simple_pkl/chain_comparison/holoviz
come the repo:  EverydayWechat
0.2761197090148926  save successfully!  /mnt/zejun/smp/data/transform_complicate_to_simple_pkl/chain_comparison/EverydayWechat
come the repo:  TextBlob
1.782405138015747  save successfully!  /mnt/zejun/smp/data/transform_complicate_to_simple_pkl/chain_comparison/TextBlob
come the repo:  DataStructure_Algorithm_ZJU
0.20706915855407715  save successfully!  /mnt/zejun/smp/data/transform_complicate_to_simple_pkl/chain_comparison/DataStructure_Algorithm_ZJU
come the repo:  python-dotenv
0.5340611934661865  save successfully!  /mnt/zejun/smp/data/transform_complicate_to_simple_pkl/chain_comparison/python-dotenv
come the repo:  ACNet
5.354068756103516  save successfully!  /mnt/zejun/smp/data/transform_complicate_to_simple_pkl/chain_comparison/ACNet
come the repo:  PyPXE
1.232881784439087  save successfully!  /mnt/zejun/smp/data/transform_complicate_to_simple_pkl/chain_comparison/PyPXE
come the repo:  ViLT
4.012484073638916  save successfully!  /mnt/zejun/smp/data/transform_complicate_to_simple_pkl/chain_comparison/ViLT
come the repo:  hacktricks
0.06093192100524902  save successfully!  /mnt/zejun/smp/data/transform_complicate_to_simple_pkl/chain_comparison/hacktricks
come the repo:  PythonLinearNonlinearControl
2.215026378631592  save successfully!  /mnt/zejun/smp/data/transform_complicate_to_simple_pkl/chain_comparison/PythonLinearNonlinearControl
come the repo:  inthe.am
2.7853946685791016  save successfully!  /mnt/zejun/smp/data/transform_complicate_to_simple_pkl/chain_comparison/inthe.am
come the repo:  Finger
0.8555402755737305  save successfully!  /mnt/zejun/smp/data/transform_complicate_to_simple_pkl/chain_comparison/Finger
come the repo:  python3-krakenex
0.2867395877838135  save successfully!  /mnt/zejun/smp/data/transform_complicate_to_simple_pkl/chain_comparison/python3-krakenex
come the repo:  YYeTsBot
1.7445142269134521  save successfully!  /mnt/zejun/smp/data/transform_complicate_to_simple_pkl/chain_comparison/YYeTsBot
come the repo:  s-tui
0.24498772621154785  save successfully!  /mnt/zejun/smp/data/transform_complicate_to_simple_pkl/chain_comparison/s-tui
come the repo:  django-rest-framework-gis
0.3437371253967285  save successfully!  /mnt/zejun/smp/data/transform_complicate_to_simple_pkl/chain_comparison/django-rest-framework-gis
come the repo:  YouTube-Report
0.05181574821472168  save successfully!  /mnt/zejun/smp/data/transform_complicate_to_simple_pkl/chain_comparison/YouTube-Report
come the repo:  dlwin
0.046842336654663086  save successfully!  /mnt/zejun/smp/data/transform_complicate_to_simple_pkl/chain_comparison/dlwin
come the repo:  keras-yolo3-detection
0.21511626243591309  save successfully!  /mnt/zejun/smp/data/transform_complicate_to_simple_pkl/chain_comparison/keras-yolo3-detection
come the repo:  GMS-Feature-Matcher
0.058014631271362305  save successfully!  /mnt/zejun/smp/data/transform_complicate_to_simple_pkl/chain_comparison/GMS-Feature-Matcher
come the repo:  intelmq
8.13122034072876  save successfully!  /mnt/zejun/smp/data/transform_complicate_to_simple_pkl/chain_comparison/intelmq
come the repo:  pytest-bdd
2.2321617603302  save successfully!  /mnt/zejun/smp/data/transform_complicate_to_simple_pkl/chain_comparison/pytest-bdd
come the repo:  angrop
2.4022769927978516  save successfully!  /mnt/zejun/smp/data/transform_complicate_to_simple_pkl/chain_comparison/angrop
come the repo:  combo
3.0190787315368652  save successfully!  /mnt/zejun/smp/data/transform_complicate_to_simple_pkl/chain_comparison/combo
come the repo:  asynq
0.6225991249084473  save successfully!  /mnt/zejun/smp/data/transform_complicate_to_simple_pkl/chain_comparison/asynq
come the repo:  Dr0p1t-Framework
0.10777664184570312  save successfully!  /mnt/zejun/smp/data/transform_complicate_to_simple_pkl/chain_comparison/Dr0p1t-Framework
come the repo:  Detection-PyTorch-Notebook
4.646984577178955  save successfully!  /mnt/zejun/smp/data/transform_complicate_to_simple_pkl/chain_comparison/Detection-PyTorch-Notebook
come the repo:  Ghostwriter
13.748826026916504  save successfully!  /mnt/zejun/smp/data/transform_complicate_to_simple_pkl/chain_comparison/Ghostwriter
come the repo:  PSPTool
1.173496961593628  save successfully!  /mnt/zejun/smp/data/transform_complicate_to_simple_pkl/chain_comparison/PSPTool
come the repo:  sparkup
2.249096393585205  save successfully!  /mnt/zejun/smp/data/transform_complicate_to_simple_pkl/chain_comparison/sparkup
come the repo:  pytorch-captcha-recognition
0.2356128692626953  save successfully!  /mnt/zejun/smp/data/transform_complicate_to_simple_pkl/chain_comparison/pytorch-captcha-recognition
come the repo:  chainer-fast-neuralstyle
0.36663317680358887  save successfully!  /mnt/zejun/smp/data/transform_complicate_to_simple_pkl/chain_comparison/chainer-fast-neuralstyle
come the repo:  sublime-phpcs
0.6486740112304688  save successfully!  /mnt/zejun/smp/data/transform_complicate_to_simple_pkl/chain_comparison/sublime-phpcs
come the repo:  spacy-transformers
2.402207851409912  save successfully!  /mnt/zejun/smp/data/transform_complicate_to_simple_pkl/chain_comparison/spacy-transformers
come the repo:  live-de-python
the file has syntax error
the file has syntax error
the file has syntax error
the file has syntax error
the file has syntax error
the file has syntax error
the file has syntax error
the file has syntax error
the file has syntax error
the file has syntax error
the file has syntax error
the file has syntax error
4.179974794387817  save successfully!  /mnt/zejun/smp/data/transform_complicate_to_simple_pkl/chain_comparison/live-de-python
come the repo:  httpbin
1.2680919170379639  save successfully!  /mnt/zejun/smp/data/transform_complicate_to_simple_pkl/chain_comparison/httpbin
come the repo:  ann-visualizer
0.14645624160766602  save successfully!  /mnt/zejun/smp/data/transform_complicate_to_simple_pkl/chain_comparison/ann-visualizer
come the repo:  yolo_tensorflow
1.342118501663208  save successfully!  /mnt/zejun/smp/data/transform_complicate_to_simple_pkl/chain_comparison/yolo_tensorflow
come the repo:  Deep-Learning-NLP
0.043859004974365234  save successfully!  /mnt/zejun/smp/data/transform_complicate_to_simple_pkl/chain_comparison/Deep-Learning-NLP
come the repo:  Pytorch-UNet
0.4452953338623047  save successfully!  /mnt/zejun/smp/data/transform_complicate_to_simple_pkl/chain_comparison/Pytorch-UNet
come the repo:  altdns
0.2708606719970703  save successfully!  /mnt/zejun/smp/data/transform_complicate_to_simple_pkl/chain_comparison/altdns
come the repo:  atomic-threat-coverage
4.010756492614746  save successfully!  /mnt/zejun/smp/data/transform_complicate_to_simple_pkl/chain_comparison/atomic-threat-coverage
come the repo:  pgadmin4
33.61081123352051  save successfully!  /mnt/zejun/smp/data/transform_complicate_to_simple_pkl/chain_comparison/pgadmin4
come the repo:  django-secure
0.09800219535827637  save successfully!  /mnt/zejun/smp/data/transform_complicate_to_simple_pkl/chain_comparison/django-secure
come the repo:  tensorflow-tutorial-samples
0.3508894443511963  save successfully!  /mnt/zejun/smp/data/transform_complicate_to_simple_pkl/chain_comparison/tensorflow-tutorial-samples
come the repo:  zhihu-api
0.8386862277984619  save successfully!  /mnt/zejun/smp/data/transform_complicate_to_simple_pkl/chain_comparison/zhihu-api
come the repo:  pwntools-tutorial
0.05490279197692871  save successfully!  /mnt/zejun/smp/data/transform_complicate_to_simple_pkl/chain_comparison/pwntools-tutorial
come the repo:  passphrase-wordlist
0.10528802871704102  save successfully!  /mnt/zejun/smp/data/transform_complicate_to_simple_pkl/chain_comparison/passphrase-wordlist
come the repo:  spotifylyrics
1.2481474876403809  save successfully!  /mnt/zejun/smp/data/transform_complicate_to_simple_pkl/chain_comparison/spotifylyrics
come the repo:  pre-commit-hooks
3.1367039680480957  save successfully!  /mnt/zejun/smp/data/transform_complicate_to_simple_pkl/chain_comparison/pre-commit-hooks
come the repo:  jupyter_tensorboard
0.3209512233734131  save successfully!  /mnt/zejun/smp/data/transform_complicate_to_simple_pkl/chain_comparison/jupyter_tensorboard
come the repo:  Iconic
2.325493335723877  save successfully!  /mnt/zejun/smp/data/transform_complicate_to_simple_pkl/chain_comparison/Iconic
come the repo:  kivent
0.3339097499847412  save successfully!  /mnt/zejun/smp/data/transform_complicate_to_simple_pkl/chain_comparison/kivent
come the repo:  Osmedeus
2.0254642963409424  save successfully!  /mnt/zejun/smp/data/transform_complicate_to_simple_pkl/chain_comparison/Osmedeus
come the repo:  flask-cors
0.679663896560669  save successfully!  /mnt/zejun/smp/data/transform_complicate_to_simple_pkl/chain_comparison/flask-cors
come the repo:  pyspellchecker
1.2728755474090576  save successfully!  /mnt/zejun/smp/data/transform_complicate_to_simple_pkl/chain_comparison/pyspellchecker
come the repo:  pipupgrade
the file has syntax error
1.3506264686584473  save successfully!  /mnt/zejun/smp/data/transform_complicate_to_simple_pkl/chain_comparison/pipupgrade
come the repo:  mahotas
5.711829900741577  save successfully!  /mnt/zejun/smp/data/transform_complicate_to_simple_pkl/chain_comparison/mahotas
come the repo:  python-slack-sdk
22.83727240562439  save successfully!  /mnt/zejun/smp/data/transform_complicate_to_simple_pkl/chain_comparison/python-slack-sdk
come the repo:  swifter
1.288022518157959  save successfully!  /mnt/zejun/smp/data/transform_complicate_to_simple_pkl/chain_comparison/swifter
come the repo:  FastMOT
4.218920946121216  save successfully!  /mnt/zejun/smp/data/transform_complicate_to_simple_pkl/chain_comparison/FastMOT
come the repo:  emotion-recognition-neural-networks
0.30808401107788086  save successfully!  /mnt/zejun/smp/data/transform_complicate_to_simple_pkl/chain_comparison/emotion-recognition-neural-networks
come the repo:  django-select2
1.2191734313964844  save successfully!  /mnt/zejun/smp/data/transform_complicate_to_simple_pkl/chain_comparison/django-select2
come the repo:  keras-transformer
1.8726675510406494  save successfully!  /mnt/zejun/smp/data/transform_complicate_to_simple_pkl/chain_comparison/keras-transformer
come the repo:  EDA_NLP_for_Chinese
0.10938429832458496  save successfully!  /mnt/zejun/smp/data/transform_complicate_to_simple_pkl/chain_comparison/EDA_NLP_for_Chinese
come the repo:  awesome-python-login-model
1.3894140720367432  save successfully!  /mnt/zejun/smp/data/transform_complicate_to_simple_pkl/chain_comparison/awesome-python-login-model
come the repo:  GazeTracking
0.039641380310058594  save successfully!  /mnt/zejun/smp/data/transform_complicate_to_simple_pkl/chain_comparison/GazeTracking
come the repo:  pgmigrate
0.11559152603149414  save successfully!  /mnt/zejun/smp/data/transform_complicate_to_simple_pkl/chain_comparison/pgmigrate
come the repo:  rtv
8.201783180236816  save successfully!  /mnt/zejun/smp/data/transform_complicate_to_simple_pkl/chain_comparison/rtv
come the repo:  torrent-cli
0.12050533294677734  save successfully!  /mnt/zejun/smp/data/transform_complicate_to_simple_pkl/chain_comparison/torrent-cli
come the repo:  YouTubeDownload
0.5202727317810059  save successfully!  /mnt/zejun/smp/data/transform_complicate_to_simple_pkl/chain_comparison/YouTubeDownload
come the repo:  ergonomica
the file has syntax error
the file has syntax error
0.45960402488708496  save successfully!  /mnt/zejun/smp/data/transform_complicate_to_simple_pkl/chain_comparison/ergonomica
come the repo:  scikit-bio
28.693994998931885  save successfully!  /mnt/zejun/smp/data/transform_complicate_to_simple_pkl/chain_comparison/scikit-bio
come the repo:  RLTrader
0.18651628494262695  save successfully!  /mnt/zejun/smp/data/transform_complicate_to_simple_pkl/chain_comparison/RLTrader
come the repo:  compression
1.5491526126861572  save successfully!  /mnt/zejun/smp/data/transform_complicate_to_simple_pkl/chain_comparison/compression
come the repo:  Keras-TextClassification
5.895431041717529  save successfully!  /mnt/zejun/smp/data/transform_complicate_to_simple_pkl/chain_comparison/Keras-TextClassification
come the repo:  natural-questions
0.174332857131958  save successfully!  /mnt/zejun/smp/data/transform_complicate_to_simple_pkl/chain_comparison/natural-questions
come the repo:  awesome-gradient-boosting-papers
0.0009529590606689453  save successfully!  /mnt/zejun/smp/data/transform_complicate_to_simple_pkl/chain_comparison/awesome-gradient-boosting-papers
come the repo:  Ciphey
1.900719165802002  save successfully!  /mnt/zejun/smp/data/transform_complicate_to_simple_pkl/chain_comparison/Ciphey
come the repo:  cement
the file has syntax error
the file has syntax error
the file has syntax error
the file has syntax error
the file has syntax error
15.744958400726318  save successfully!  /mnt/zejun/smp/data/transform_complicate_to_simple_pkl/chain_comparison/cement
come the repo:  AnimalAI-Olympics
0.15980863571166992  save successfully!  /mnt/zejun/smp/data/transform_complicate_to_simple_pkl/chain_comparison/AnimalAI-Olympics
come the repo:  saws
0.6696906089782715  save successfully!  /mnt/zejun/smp/data/transform_complicate_to_simple_pkl/chain_comparison/saws
come the repo:  pycel
8.288787364959717  save successfully!  /mnt/zejun/smp/data/transform_complicate_to_simple_pkl/chain_comparison/pycel
come the repo:  Computer-Networking-A-Top-Down-Approach-NOTES
/mnt/zejun/smp/data/python_star_2000repo/Computer-Networking-A-Top-Down-Approach-NOTES/Resource/7th-Python-Solution/__MACOSX/Solutions/Traceroute/._Traceroute.py is not existed!
/mnt/zejun/smp/data/python_star_2000repo/Computer-Networking-A-Top-Down-Approach-NOTES/Resource/7th-Python-Solution/__MACOSX/Solutions/UDPPinger/._UDP_Pinger_Client.py is not existed!
/mnt/zejun/smp/data/python_star_2000repo/Computer-Networking-A-Top-Down-Approach-NOTES/Resource/7th-Python-Solution/__MACOSX/Solutions/SMTPClient/._SMTPClient.py is not existed!
/mnt/zejun/smp/data/python_star_2000repo/Computer-Networking-A-Top-Down-Approach-NOTES/Resource/7th-Python-Solution/__MACOSX/Solutions/ProxyServer/._ProxyServer.py is not existed!
/mnt/zejun/smp/data/python_star_2000repo/Computer-Networking-A-Top-Down-Approach-NOTES/Resource/7th-Python-Solution/__MACOSX/Solutions/IcmpPing/._IcmpPing.py is not existed!
/mnt/zejun/smp/data/python_star_2000repo/Computer-Networking-A-Top-Down-Approach-NOTES/Resource/7th-Python-Solution/__MACOSX/Solutions/StreamingVideo/._RtpPacket.py is not existed!
/mnt/zejun/smp/data/python_star_2000repo/Computer-Networking-A-Top-Down-Approach-NOTES/Resource/7th-Python-Solution/__MACOSX/Solutions/StreamingVideo/._Client.py is not existed!
/mnt/zejun/smp/data/python_star_2000repo/Computer-Networking-A-Top-Down-Approach-NOTES/Resource/7th-Python-Solution/__MACOSX/Solutions/Webserver/._Websever.py is not existed!
0.9095478057861328  save successfully!  /mnt/zejun/smp/data/transform_complicate_to_simple_pkl/chain_comparison/Computer-Networking-A-Top-Down-Approach-NOTES
come the repo:  the-littlest-jupyterhub
2.1594643592834473  save successfully!  /mnt/zejun/smp/data/transform_complicate_to_simple_pkl/chain_comparison/the-littlest-jupyterhub
come the repo:  django-htmlmin
0.06779789924621582come the repo:  nucypher
34.148924827575684  save successfully!  /mnt/zejun/smp/data/transform_complicate_to_simple_pkl/chain_comparison/nucypher
come the repo:  doorman
0.9177138805389404  save successfully!  /mnt/zejun/smp/data/transform_complicate_to_simple_pkl/chain_comparison/doorman
come the repo:  django-machina
2.4550044536590576  save successfully!  /mnt/zejun/smp/data/transform_complicate_to_simple_pkl/chain_comparison/django-machina
come the repo:  gita
1.601536750793457  save successfully!  /mnt/zejun/smp/data/transform_complicate_to_simple_pkl/chain_comparison/gita
come the repo:  algotrading
0.7212707996368408  save successfully!  /mnt/zejun/smp/data/transform_complicate_to_simple_pkl/chain_comparison/algotrading
come the repo:  autojump
0.4538099765777588  save successfully!  /mnt/zejun/smp/data/transform_complicate_to_simple_pkl/chain_comparison/autojump
come the repo:  fuxi
0.8524148464202881  save successfully!  /mnt/zejun/smp/data/transform_complicate_to_simple_pkl/chain_comparison/fuxi
come the repo:  DeepUPE
the file has syntax error
0.06900787353515625  save successfully!  /mnt/zejun/smp/data/transform_complicate_to_simple_pkl/chain_comparison/DeepUPE
come the repo:  HiddenEyeReborn
0.012247562408447266  save successfully!  /mnt/zejun/smp/data/transform_complicate_to_simple_pkl/chain_comparison/HiddenEyeReborn
come the repo:  parsedmarc
0.17211127281188965  save successfully!  /mnt/zejun/smp/data/transform_complicate_to_simple_pkl/chain_comparison/parsedmarc
come the repo:  binance-public-data
0.051636695861816406  save successfully!  /mnt/zejun/smp/data/transform_complicate_to_simple_pkl/chain_comparison/binance-public-data
come the repo:  toml
0.022481203079223633  save successfully!  /mnt/zejun/smp/data/transform_complicate_to_simple_pkl/chain_comparison/toml
come the repo:  sepconv-slomo
0.04943585395812988  save successfully!  /mnt/zejun/smp/data/transform_complicate_to_simple_pkl/chain_comparison/sepconv-slomo
come the repo:  nginx-ui
0.015492677688598633  save successfully!  /mnt/zejun/smp/data/transform_complicate_to_simple_pkl/chain_comparison/nginx-ui
come the repo:  django-bootstrap4
0.24065685272216797  save successfully!  /mnt/zejun/smp/data/transform_complicate_to_simple_pkl/chain_comparison/django-bootstrap4
come the repo:  openshift-ansible
0.07801103591918945  save successfully!  /mnt/zejun/smp/data/transform_complicate_to_simple_pkl/chain_comparison/openshift-ansible
come the repo:  face2face-demo
0.047150373458862305  save successfully!  /mnt/zejun/smp/data/transform_complicate_to_simple_pkl/chain_comparison/face2face-demo
come the repo:  doge
0.08125138282775879  save successfully!  /mnt/zejun/smp/data/transform_complicate_to_simple_pkl/chain_comparison/doge
come the repo:  causalml
1.1253063678741455  save successfully!  /mnt/zejun/smp/data/transform_complicate_to_simple_pkl/chain_comparison/causalml
come the repo:  frigate
4.310344696044922  save successfully!  /mnt/zejun/smp/data/transform_complicate_to_simple_pkl/chain_comparison/frigate
come the repo:  shallow-backup
1.1251981258392334  save successfully!  /mnt/zejun/smp/data/transform_complicate_to_simple_pkl/chain_comparison/shallow-backup
come the repo:  Hosts_scan
0.1194298267364502  save successfully!  /mnt/zejun/smp/data/transform_complicate_to_simple_pkl/chain_comparison/Hosts_scan
come the repo:  ormar
13.437731742858887  save successfully!  /mnt/zejun/smp/data/transform_complicate_to_simple_pkl/chain_comparison/ormar
come the repo:  sngan_projection
3.0757253170013428  save successfully!  /mnt/zejun/smp/data/transform_complicate_to_simple_pkl/chain_comparison/sngan_projection
come the repo:  caer
the file has syntax error
4.910476207733154  save successfully!  /mnt/zejun/smp/data/transform_complicate_to_simple_pkl/chain_comparison/caer
come the repo:  gmplot
1.2436161041259766  save successfully!  /mnt/zejun/smp/data/transform_complicate_to_simple_pkl/chain_comparison/gmplot
come the repo:  LittleBrother
0.6746459007263184  save successfully!  /mnt/zejun/smp/data/transform_complicate_to_simple_pkl/chain_comparison/LittleBrother
come the repo:  tensorflow-deeplab-v3-plus
0.5745129585266113  save successfully!  /mnt/zejun/smp/data/transform_complicate_to_simple_pkl/chain_comparison/tensorflow-deeplab-v3-plus
come the repo:  sheetfu
0.38405895233154297  save successfully!  /mnt/zejun/smp/data/transform_complicate_to_simple_pkl/chain_comparison/sheetfu
come the repo:  smplx
0.39777636528015137  save successfully!  /mnt/zejun/smp/data/transform_complicate_to_simple_pkl/chain_comparison/smplx
come the repo:  machinae
0.10565423965454102  save successfully!  /mnt/zejun/smp/data/transform_complicate_to_simple_pkl/chain_comparison/machinae
come the repo:  mnist_challenge
0.04668068885803223  save successfully!  /mnt/zejun/smp/data/transform_complicate_to_simple_pkl/chain_comparison/mnist_challenge
come the repo:  algorithmic-trading-with-python
0.5594310760498047  save successfully!  /mnt/zejun/smp/data/transform_complicate_to_simple_pkl/chain_comparison/algorithmic-trading-with-python
come the repo:  JSFinder
0.01093149185180664  save successfully!  /mnt/zejun/smp/data/transform_complicate_to_simple_pkl/chain_comparison/JSFinder
come the repo:  Neural-SLAM
0.21178174018859863  save successfully!  /mnt/zejun/smp/data/transform_complicate_to_simple_pkl/chain_comparison/Neural-SLAM
come the repo:  pyshark
0.09375977516174316  save successfully!  /mnt/zejun/smp/data/transform_complicate_to_simple_pkl/chain_comparison/pyshark
come the repo:  timestrap
0.32756519317626953  save successfully!  /mnt/zejun/smp/data/transform_complicate_to_simple_pkl/chain_comparison/timestrap
come the repo:  RAT-via-Telegram
0.06201982498168945  save successfully!  /mnt/zejun/smp/data/transform_complicate_to_simple_pkl/chain_comparison/RAT-via-Telegram
come the repo:  GENTRL
0.06615567207336426  save successfully!  /mnt/zejun/smp/data/transform_complicate_to_simple_pkl/chain_comparison/GENTRL
come the repo:  nodeenv
0.052265167236328125  save successfully!  /mnt/zejun/smp/data/transform_complicate_to_simple_pkl/chain_comparison/nodeenv
come the repo:  tapiriik
9.70111870765686  save successfully!  /mnt/zejun/smp/data/transform_complicate_to_simple_pkl/chain_comparison/tapiriik
come the repo:  tacotron
1.8519024848937988  save successfully!  /mnt/zejun/smp/data/transform_complicate_to_simple_pkl/chain_comparison/tacotron
come the repo:  kapitan
4.81444525718689  save successfully!  /mnt/zejun/smp/data/transform_complicate_to_simple_pkl/chain_comparison/kapitan
come the repo:  django-waffle
3.0326364040374756  save successfully!  /mnt/zejun/smp/data/transform_complicate_to_simple_pkl/chain_comparison/django-waffle
come the repo:  twarc
6.505300760269165  save successfully!  /mnt/zejun/smp/data/transform_complicate_to_simple_pkl/chain_comparison/twarc
come the repo:  QASystemOnMedicalGraph
0.942328929901123  save successfully!  /mnt/zejun/smp/data/transform_complicate_to_simple_pkl/chain_comparison/QASystemOnMedicalGraph
come the repo:  Blog_mini
1.3806374073028564  save successfully!  /mnt/zejun/smp/data/transform_complicate_to_simple_pkl/chain_comparison/Blog_mini
come the repo:  py-frameworks-bench
0.569403886795044  save successfully!  /mnt/zejun/smp/data/transform_complicate_to_simple_pkl/chain_comparison/py-frameworks-bench
come the repo:  lanzou-gui
7.617827892303467  save successfully!  /mnt/zejun/smp/data/transform_complicate_to_simple_pkl/chain_comparison/lanzou-gui
come the repo:  university-information
0.24805593490600586  save successfully!  /mnt/zejun/smp/data/transform_complicate_to_simple_pkl/chain_comparison/university-information
come the repo:  PyFlow
20.18149995803833  save successfully!  /mnt/zejun/smp/data/transform_complicate_to_simple_pkl/chain_comparison/PyFlow
come the repo:  Youtube-Code-Repository
the file has syntax error
0.5557329654693604  save successfully!  /mnt/zejun/smp/data/transform_complicate_to_simple_pkl/chain_comparison/Youtube-Code-Repository
come the repo:  Talking-Face-Generation-DAVS
the file has syntax error
0.24649405479431152  save successfully!  /mnt/zejun/smp/data/transform_complicate_to_simple_pkl/chain_comparison/Talking-Face-Generation-DAVS